2025-04-25 17:36:34,253 - lightrag_database - INFO - Starting database build process
2025-04-25 17:36:34,254 - lightrag_database - INFO - Initializing LightRAG in ./lightrag_data
2025-04-25 17:36:35,416 - lightrag_database - INFO - Initializing LightRAG storages
2025-04-25 17:36:35,471 - lightrag_database - INFO - LightRAG initialized successfully in ./lightrag_data
2025-04-25 17:36:35,471 - lightrag_database - INFO - Processing PDF files in test_pdfs (including subdirectories)
2025-04-25 17:36:35,472 - lightrag_database - INFO - Finding PDF files in test_pdfs (recursive=True)
2025-04-25 17:36:35,473 - lightrag_database - INFO - Found 3 PDF files
2025-04-25 17:36:35,473 - lightrag_database - INFO - Skipping already processed file: 4.0.14.1_Readme.pdf
2025-04-25 17:36:35,474 - lightrag_database - INFO - Skipping already processed file: CRM v4-MarketingSegmentationEN.pdf
2025-04-25 17:36:35,474 - lightrag_database - INFO - Found 1 unprocessed files out of 3 total files
2025-04-25 17:36:35,475 - lightrag_database - INFO - Using concurrency limit of 5 for PDF processing
2025-04-25 18:00:35,843 - lightrag_database - INFO - Successfully moved processed file to: processed-test_pdfs\CRM-HomePages-New.pdf
2025-04-25 18:00:35,844 - lightrag_database - INFO - Processing PDF files: 1/1 (100.0%) - Elapsed: 24.01 minutes, Remaining: 0.00 seconds, Speed: 0.00 items/sec - Processed: CRM-HomePages-New.pdf
2025-04-25 18:00:35,866 - lightrag_database - INFO - Processed 1 documents with 261 chunks
2025-04-25 18:00:35,867 - lightrag_database - INFO - Processing time: 1440.37 seconds
2025-04-25 18:00:35,867 - lightrag_database - INFO - LightRAG documents saved to ./output\combined_lightrag.json
2025-04-25 18:00:35,868 - lightrag_database - INFO - Loading documents into LightRAG from ./output\combined_lightrag.json
2025-04-25 18:00:35,882 - lightrag_database - INFO - Loading documents into LightRAG: 1/261 (0.4%) - Elapsed: 0.00 seconds, Remaining: 0.00 seconds, Speed: 0.00 items/sec
2025-04-25 18:17:12,350 - lightrag_database - INFO - Loading documents into LightRAG: 100/261 (38.3%) - Elapsed: 16.61 minutes, Remaining: 26.74 minutes, Speed: 0.10 items/sec
2025-04-25 19:24:52,562 - lightrag_database - INFO - Loading documents into LightRAG: 200/261 (76.6%) - Elapsed: 1.40 hours, Remaining: 25.70 minutes, Speed: 0.04 items/sec
2025-04-25 20:10:52,927 - lightrag_database - INFO - Loading documents into LightRAG: 261/261 (100.0%) - Elapsed: 2.17 hours, Remaining: 0.00 seconds, Speed: 0.03 items/sec
2025-04-25 20:11:28,277 - lightrag_database - INFO - Loaded 261 chunks into LightRAG
2025-04-25 20:11:28,278 - lightrag_database - INFO - Saved database information to ./output\database_info.json
2025-04-25 20:11:28,280 - lightrag_database - INFO - Database build complete. Information saved to ./output\database_info.json
2025-04-25 20:11:28,280 - lightrag_database - INFO - Database directory: ./lightrag_data
2025-04-25 20:11:28,281 - lightrag_database - INFO - Total documents: 1
2025-04-25 20:11:28,281 - lightrag_database - INFO - Total chunks: 261
2025-04-25 20:11:28,282 - lightrag_database - INFO - Files processed: 1
2025-04-25 20:11:28,282 - lightrag_database - INFO - Files skipped (already processed): 2
2025-04-25 20:11:28,282 - lightrag_database - INFO - Processed files directory: processed-test_pdfs
