2025-04-25 23:10:59,277 - lightrag_database - INFO - Starting database build process
2025-04-25 23:10:59,278 - lightrag_database - INFO - Initializing LightRAG in ./lightrag_data
2025-04-25 23:11:00,825 - lightrag_database - INFO - Initializing LightRAG storages
2025-04-25 23:11:00,973 - lightrag_database - INFO - LightRAG initialized successfully in ./lightrag_data
2025-04-25 23:11:00,975 - lightrag_database - INFO - Processing PDF files in test_pdfs (including subdirectories)
2025-04-25 23:11:00,975 - lightrag_database - INFO - Finding PDF files in test_pdfs (recursive=True)
2025-04-25 23:11:00,977 - lightrag_database - INFO - Found 0 PDF files
2025-04-25 23:11:00,978 - lightrag_database - INFO - Found 0 unprocessed files out of 0 total files
2025-04-25 23:11:00,979 - lightrag_database - INFO - Using concurrency limit of 5 for PDF processing
2025-04-25 23:11:00,982 - lightrag_database - INFO - Processed 0 documents with 0 chunks
2025-04-25 23:11:00,983 - lightrag_database - INFO - Processing time: 0.00 seconds
2025-04-25 23:11:00,984 - lightrag_database - INFO - LightRAG documents saved to ./output\combined_lightrag.json
2025-04-25 23:11:00,985 - lightrag_database - INFO - Loading documents into LightRAG from ./output\combined_lightrag.json
2025-04-25 23:11:00,986 - lightrag_database - INFO - Loaded 0 chunks into LightRAG
2025-04-25 23:11:00,988 - lightrag_database - INFO - Saved database information to ./output\database_info.json
2025-04-25 23:11:00,989 - lightrag_database - INFO - Database build complete. Information saved to ./output\database_info.json
2025-04-25 23:11:00,989 - lightrag_database - INFO - Database directory: ./lightrag_data
2025-04-25 23:11:00,990 - lightrag_database - INFO - Total documents: 0
2025-04-25 23:11:00,991 - lightrag_database - INFO - Total chunks: 0
2025-04-25 23:11:00,993 - lightrag_database - INFO - Files processed: 0
2025-04-25 23:11:00,995 - lightrag_database - INFO - Files skipped (already processed): 0
2025-04-25 23:11:00,995 - lightrag_database - INFO - Processed files directory: processed-test_pdfs
