2025-04-25 23:13:21,400 - lightrag_database - INFO - Starting database build process
2025-04-25 23:13:21,400 - lightrag_database - INFO - Initializing LightRAG in ./lightrag_data
2025-04-25 23:13:22,885 - lightrag_database - INFO - Initializing LightRAG storages
2025-04-25 23:13:23,046 - lightrag_database - INFO - LightRAG initialized successfully in ./lightrag_data
2025-04-25 23:13:23,047 - lightrag_database - INFO - Processing PDF files in test_pdfs (including subdirectories)
2025-04-25 23:13:23,047 - lightrag_database - INFO - Finding PDF files in test_pdfs (recursive=True)
2025-04-25 23:13:23,049 - lightrag_database - INFO - Found 14 PDF files
2025-04-25 23:13:23,050 - lightrag_database - INFO - Found 14 unprocessed files out of 14 total files
2025-04-25 23:13:23,050 - lightrag_database - INFO - Using concurrency limit of 5 for PDF processing
2025-04-25 23:13:23,051 - lightrag_database - DEBUG - Creating task for processing: CRM MarketingTradePromotionsEN.pdf
2025-04-25 23:13:23,051 - lightrag_database - DEBUG - Creating task for processing: CRM v4-ABCClassificationEN.pdf
2025-04-25 23:13:23,051 - lightrag_database - DEBUG - Creating task for processing: CRM v4-ActivityMgtEL.pdf
2025-04-25 23:13:23,052 - lightrag_database - DEBUG - Creating task for processing: CRM v4-ContactMgtEL.pdf
2025-04-25 23:13:23,052 - lightrag_database - DEBUG - Creating task for processing: CRM v4-MarketingCampaignsEN.pdf
2025-04-25 23:13:23,171 - lightrag_database - INFO - Successfully moved processed file to: processed-test_pdfs\CRM MarketingTradePromotionsEN.pdf
2025-04-25 23:14:04,521 - lightrag_database - INFO - Successfully moved processed file to: processed-test_pdfs\CRM v4-ABCClassificationEN.pdf
2025-04-25 23:14:52,122 - lightrag_database - INFO - Successfully moved processed file to: processed-test_pdfs\CRM v4-MarketingCampaignsEN.pdf
2025-04-25 23:16:36,884 - lightrag_database - INFO - Successfully moved processed file to: processed-test_pdfs\CRM v4-ContactMgtEL.pdf
2025-04-25 23:19:36,099 - lightrag_database - INFO - Successfully moved processed file to: processed-test_pdfs\CRM v4-ActivityMgtEL.pdf
2025-04-25 23:19:36,101 - lightrag_database - INFO - Processing PDF files: 1/14 (7.1%) - Elapsed: 6.22 minutes, Remaining: 1.35 hours, Speed: 0.00 items/sec - Processed: CRM MarketingTradePromotionsEN.pdf
2025-04-25 23:19:36,101 - lightrag_database - INFO - Processing PDF files: 2/14 (14.3%) - Elapsed: 6.22 minutes, Remaining: 37.31 minutes, Speed: 0.01 items/sec - Processed: CRM v4-ABCClassificationEN.pdf
2025-04-25 23:19:36,101 - lightrag_database - INFO - Processing PDF files: 3/14 (21.4%) - Elapsed: 6.22 minutes, Remaining: 22.80 minutes, Speed: 0.01 items/sec - Processed: CRM v4-ActivityMgtEL.pdf
2025-04-25 23:19:36,102 - lightrag_database - INFO - Processing PDF files: 4/14 (28.6%) - Elapsed: 6.22 minutes, Remaining: 15.54 minutes, Speed: 0.01 items/sec - Processed: CRM v4-ContactMgtEL.pdf
2025-04-25 23:19:36,102 - lightrag_database - INFO - Processing PDF files: 5/14 (35.7%) - Elapsed: 6.22 minutes, Remaining: 11.19 minutes, Speed: 0.01 items/sec - Processed: CRM v4-MarketingCampaignsEN.pdf
2025-04-25 23:19:36,103 - lightrag_database - DEBUG - Creating task for processing: CRM v4-MarketingSegmentationEN.pdf
2025-04-25 23:19:36,103 - lightrag_database - DEBUG - Creating task for processing: CRM v4-PipelineQuotingEL.pdf
2025-04-25 23:19:36,104 - lightrag_database - DEBUG - Creating task for processing: CRM-HomePages_EN.pdf
2025-04-25 23:19:36,104 - lightrag_database - DEBUG - Creating task for processing: CRM-UserGuideEN.pdf
2025-04-25 23:19:36,104 - lightrag_database - DEBUG - Creating task for processing: CRMSocial-UserGuideEN.pdf
2025-04-25 23:22:43,839 - lightrag_database - INFO - Successfully moved processed file to: processed-test_pdfs\CRM v4-MarketingSegmentationEN.pdf
2025-04-25 23:24:06,057 - lightrag_database - INFO - Successfully moved processed file to: processed-test_pdfs\CRM-UserGuideEN.pdf
2025-04-25 23:24:39,841 - lightrag_database - INFO - Successfully moved processed file to: processed-test_pdfs\CRM v4-PipelineQuotingEL.pdf
2025-04-25 23:26:31,375 - lightrag_database - INFO - Successfully moved processed file to: processed-test_pdfs\CRM-HomePages_EN.pdf
2025-04-25 23:28:20,995 - lightrag_database - INFO - Successfully moved processed file to: processed-test_pdfs\CRMSocial-UserGuideEN.pdf
2025-04-25 23:28:20,995 - lightrag_database - INFO - Processing PDF files: 6/14 (42.9%) - Elapsed: 14.97 minutes, Remaining: 19.95 minutes, Speed: 0.01 items/sec - Processed: CRM v4-MarketingSegmentationEN.pdf
2025-04-25 23:28:20,996 - lightrag_database - INFO - Processing PDF files: 7/14 (50.0%) - Elapsed: 14.97 minutes, Remaining: 14.97 minutes, Speed: 0.01 items/sec - Processed: CRM v4-PipelineQuotingEL.pdf
2025-04-25 23:28:20,996 - lightrag_database - INFO - Processing PDF files: 8/14 (57.1%) - Elapsed: 14.97 minutes, Remaining: 11.22 minutes, Speed: 0.01 items/sec - Processed: CRM-HomePages_EN.pdf
2025-04-25 23:28:20,998 - lightrag_database - INFO - Processing PDF files: 9/14 (64.3%) - Elapsed: 14.97 minutes, Remaining: 8.31 minutes, Speed: 0.01 items/sec - Processed: CRM-UserGuideEN.pdf
2025-04-25 23:28:20,998 - lightrag_database - INFO - Processing PDF files: 10/14 (71.4%) - Elapsed: 14.97 minutes, Remaining: 5.99 minutes, Speed: 0.01 items/sec - Processed: CRMSocial-UserGuideEN.pdf
2025-04-25 23:28:20,999 - lightrag_database - DEBUG - Creating task for processing: CRM_MarketingPromotionPrograms_EN.pdf
2025-04-25 23:28:20,999 - lightrag_database - DEBUG - Creating task for processing: CRM_MarketingSurveyCampaigns_EN.pdf
2025-04-25 23:28:21,000 - lightrag_database - DEBUG - Creating task for processing: CRM_Newsletters-UserGuideEN.pdf
2025-04-25 23:28:21,000 - lightrag_database - DEBUG - Creating task for processing: CRM_TerritoryManagement_EN.pdf
2025-04-25 23:29:45,400 - lightrag_database - INFO - Successfully moved processed file to: processed-test_pdfs\CRM_Newsletters-UserGuideEN.pdf
2025-04-25 23:30:43,050 - lightrag_database - INFO - Successfully moved processed file to: processed-test_pdfs\CRM_TerritoryManagement_EN.pdf
2025-04-25 23:31:14,550 - lightrag_database - INFO - Successfully moved processed file to: processed-test_pdfs\CRM_MarketingPromotionPrograms_EN.pdf
2025-04-25 23:31:22,853 - lightrag_database - INFO - Successfully moved processed file to: processed-test_pdfs\CRM_MarketingSurveyCampaigns_EN.pdf
2025-04-25 23:31:22,853 - lightrag_database - INFO - Processing PDF files: 11/14 (78.6%) - Elapsed: 18.00 minutes, Remaining: 4.91 minutes, Speed: 0.01 items/sec - Processed: CRM_MarketingPromotionPrograms_EN.pdf
2025-04-25 23:31:22,855 - lightrag_database - INFO - Processing PDF files: 12/14 (85.7%) - Elapsed: 18.00 minutes, Remaining: 3.00 minutes, Speed: 0.01 items/sec - Processed: CRM_MarketingSurveyCampaigns_EN.pdf
2025-04-25 23:31:22,855 - lightrag_database - INFO - Processing PDF files: 13/14 (92.9%) - Elapsed: 18.00 minutes, Remaining: 1.38 minutes, Speed: 0.01 items/sec - Processed: CRM_Newsletters-UserGuideEN.pdf
2025-04-25 23:31:22,857 - lightrag_database - INFO - Processing PDF files: 14/14 (100.0%) - Elapsed: 18.00 minutes, Remaining: 0.00 seconds, Speed: 0.01 items/sec - Processed: CRM_TerritoryManagement_EN.pdf
2025-04-25 23:31:22,965 - lightrag_database - INFO - Processed 14 documents with 2841 chunks
2025-04-25 23:31:22,965 - lightrag_database - INFO - Processing time: 1079.81 seconds
2025-04-25 23:31:22,966 - lightrag_database - INFO - LightRAG documents saved to ./output\combined_lightrag.json
2025-04-25 23:31:22,968 - lightrag_database - INFO - Loading documents into LightRAG from ./output\combined_lightrag.json
2025-04-25 23:31:23,008 - lightrag_database - INFO - Loading documents into LightRAG: 1/2841 (0.0%) - Elapsed: 0.00 seconds, Remaining: 0.00 seconds, Speed: 0.00 items/sec
2025-04-25 23:48:06,980 - lightrag_database - INFO - Loading documents into LightRAG: 100/2841 (3.5%) - Elapsed: 16.73 minutes, Remaining: 7.64 hours, Speed: 0.10 items/sec
2025-04-26 00:11:39,366 - lightrag_database - INFO - Loading documents into LightRAG: 200/2841 (7.0%) - Elapsed: 40.27 minutes, Remaining: 8.86 hours, Speed: 0.08 items/sec
2025-04-26 00:46:27,938 - lightrag_database - INFO - Loading documents into LightRAG: 300/2841 (10.6%) - Elapsed: 1.25 hours, Remaining: 10.60 hours, Speed: 0.07 items/sec
2025-04-26 01:37:22,284 - lightrag_database - INFO - Loading documents into LightRAG: 400/2841 (14.1%) - Elapsed: 2.10 hours, Remaining: 12.81 hours, Speed: 0.05 items/sec
2025-04-26 02:02:55,828 - lightrag_database - INFO - Loading documents into LightRAG: 500/2841 (17.6%) - Elapsed: 2.53 hours, Remaining: 11.83 hours, Speed: 0.05 items/sec
2025-04-26 02:43:43,259 - lightrag_database - INFO - Loading documents into LightRAG: 600/2841 (21.1%) - Elapsed: 3.21 hours, Remaining: 11.97 hours, Speed: 0.05 items/sec
2025-04-26 03:04:01,660 - lightrag_database - INFO - Loading documents into LightRAG: 700/2841 (24.6%) - Elapsed: 3.54 hours, Remaining: 10.84 hours, Speed: 0.05 items/sec
2025-04-26 03:55:12,071 - lightrag_database - INFO - Loading documents into LightRAG: 800/2841 (28.2%) - Elapsed: 4.40 hours, Remaining: 11.22 hours, Speed: 0.05 items/sec
2025-04-26 04:20:37,194 - lightrag_database - INFO - Loading documents into LightRAG: 900/2841 (31.7%) - Elapsed: 4.82 hours, Remaining: 10.40 hours, Speed: 0.05 items/sec
2025-04-26 05:13:49,406 - lightrag_database - INFO - Loading documents into LightRAG: 1000/2841 (35.2%) - Elapsed: 5.71 hours, Remaining: 10.51 hours, Speed: 0.05 items/sec
2025-04-26 05:30:29,779 - lightrag_database - INFO - Loading documents into LightRAG: 1100/2841 (38.7%) - Elapsed: 5.99 hours, Remaining: 9.47 hours, Speed: 0.05 items/sec
2025-04-26 06:31:35,836 - lightrag_database - INFO - Loading documents into LightRAG: 1200/2841 (42.2%) - Elapsed: 7.00 hours, Remaining: 9.58 hours, Speed: 0.05 items/sec
2025-04-26 07:11:00,095 - lightrag_database - INFO - Loading documents into LightRAG: 1300/2841 (45.8%) - Elapsed: 7.66 hours, Remaining: 9.08 hours, Speed: 0.05 items/sec
2025-04-26 08:01:36,810 - lightrag_database - INFO - Loading documents into LightRAG: 1400/2841 (49.3%) - Elapsed: 8.50 hours, Remaining: 8.75 hours, Speed: 0.05 items/sec
2025-04-26 09:00:09,700 - lightrag_database - INFO - Loading documents into LightRAG: 1500/2841 (52.8%) - Elapsed: 9.48 hours, Remaining: 8.47 hours, Speed: 0.04 items/sec
2025-04-26 09:36:03,615 - lightrag_database - INFO - Loading documents into LightRAG: 1600/2841 (56.3%) - Elapsed: 10.08 hours, Remaining: 7.82 hours, Speed: 0.04 items/sec
2025-04-26 09:54:18,494 - lightrag_database - INFO - Loading documents into LightRAG: 1700/2841 (59.8%) - Elapsed: 10.38 hours, Remaining: 6.97 hours, Speed: 0.05 items/sec
2025-04-26 10:43:19,055 - lightrag_database - INFO - Loading documents into LightRAG: 1800/2841 (63.4%) - Elapsed: 11.20 hours, Remaining: 6.48 hours, Speed: 0.04 items/sec
2025-04-26 11:49:25,346 - lightrag_database - INFO - Loading documents into LightRAG: 1900/2841 (66.9%) - Elapsed: 12.30 hours, Remaining: 6.09 hours, Speed: 0.04 items/sec
2025-04-26 12:57:28,688 - lightrag_database - INFO - Loading documents into LightRAG: 2000/2841 (70.4%) - Elapsed: 13.43 hours, Remaining: 5.65 hours, Speed: 0.04 items/sec
2025-04-26 13:48:57,847 - lightrag_database - INFO - Loading documents into LightRAG: 2100/2841 (73.9%) - Elapsed: 14.29 hours, Remaining: 5.04 hours, Speed: 0.04 items/sec
2025-04-26 14:31:00,958 - lightrag_database - INFO - Loading documents into LightRAG: 2200/2841 (77.4%) - Elapsed: 14.99 hours, Remaining: 4.37 hours, Speed: 0.04 items/sec
2025-04-26 15:08:18,336 - lightrag_database - INFO - Loading documents into LightRAG: 2300/2841 (81.0%) - Elapsed: 15.62 hours, Remaining: 3.67 hours, Speed: 0.04 items/sec
2025-04-26 15:43:13,406 - lightrag_database - INFO - Loading documents into LightRAG: 2400/2841 (84.5%) - Elapsed: 16.20 hours, Remaining: 2.98 hours, Speed: 0.04 items/sec
2025-04-26 16:50:13,640 - lightrag_database - INFO - Loading documents into LightRAG: 2500/2841 (88.0%) - Elapsed: 17.31 hours, Remaining: 2.36 hours, Speed: 0.04 items/sec
2025-04-26 17:29:38,399 - lightrag_database - INFO - Loading documents into LightRAG: 2600/2841 (91.5%) - Elapsed: 17.97 hours, Remaining: 1.67 hours, Speed: 0.04 items/sec
2025-04-26 18:05:09,118 - lightrag_database - INFO - Loading documents into LightRAG: 2700/2841 (95.0%) - Elapsed: 18.56 hours, Remaining: 58.16 minutes, Speed: 0.04 items/sec
2025-04-26 19:00:21,476 - lightrag_database - INFO - Loading documents into LightRAG: 2800/2841 (98.6%) - Elapsed: 19.48 hours, Remaining: 17.12 minutes, Speed: 0.04 items/sec
2025-04-26 19:27:42,815 - lightrag_database - INFO - Loading documents into LightRAG: 2841/2841 (100.0%) - Elapsed: 19.94 hours, Remaining: 0.00 seconds, Speed: 0.04 items/sec
2025-04-26 19:28:19,889 - lightrag_database - INFO - Loaded 2841 chunks into LightRAG
2025-04-26 19:28:19,897 - lightrag_database - INFO - Saved database information to ./output\database_info.json
2025-04-26 19:28:19,897 - lightrag_database - INFO - Database build complete. Information saved to ./output\database_info.json
2025-04-26 19:28:19,898 - lightrag_database - INFO - Database directory: ./lightrag_data
2025-04-26 19:28:19,898 - lightrag_database - INFO - Total documents: 14
2025-04-26 19:28:19,899 - lightrag_database - INFO - Total chunks: 2841
2025-04-26 19:28:19,899 - lightrag_database - INFO - Files processed: 14
2025-04-26 19:28:19,900 - lightrag_database - INFO - Files skipped (already processed): 0
2025-04-26 19:28:19,901 - lightrag_database - INFO - Processed files directory: processed-test_pdfs
