2025-04-25 17:36:12,394 - lightrag_database - INFO - Starting database build process
2025-04-25 17:36:12,395 - lightrag_database - INFO - Initializing LightRAG in ./lightrag_data
2025-04-25 17:36:13,620 - lightrag_database - INFO - Initializing LightRAG storages
2025-04-25 17:36:13,669 - lightrag_database - INFO - LightRAG initialized successfully in ./lightrag_data
2025-04-25 17:36:13,669 - lightrag_database - INFO - Processing PDF files in test_pdfs (including subdirectories)
2025-04-25 17:36:13,670 - lightrag_database - INFO - Finding PDF files in test_pdfs (recursive=True)
2025-04-25 17:36:13,674 - lightrag_database - INFO - Found 2 PDF files
2025-04-25 17:36:13,675 - lightrag_database - INFO - Skipping already processed file: 4.0.14.1_Readme.pdf
2025-04-25 17:36:13,675 - lightrag_database - INFO - Skipping already processed file: CRM v4-MarketingSegmentationEN.pdf
2025-04-25 17:36:13,676 - lightrag_database - INFO - Found 0 unprocessed files out of 2 total files
2025-04-25 17:36:13,676 - lightrag_database - INFO - Using concurrency limit of 5 for PDF processing
2025-04-25 17:36:13,678 - lightrag_database - INFO - Processed 0 documents with 0 chunks
2025-04-25 17:36:13,679 - lightrag_database - INFO - Processing time: 0.00 seconds
2025-04-25 17:36:13,680 - lightrag_database - INFO - LightRAG documents saved to ./output\combined_lightrag.json
2025-04-25 17:36:13,681 - lightrag_database - INFO - Loading documents into LightRAG from ./output\combined_lightrag.json
2025-04-25 17:36:13,682 - lightrag_database - INFO - Loaded 0 chunks into LightRAG
2025-04-25 17:36:13,683 - lightrag_database - INFO - Saved database information to ./output\database_info.json
2025-04-25 17:36:13,684 - lightrag_database - INFO - Database build complete. Information saved to ./output\database_info.json
2025-04-25 17:36:13,684 - lightrag_database - INFO - Database directory: ./lightrag_data
2025-04-25 17:36:13,685 - lightrag_database - INFO - Total documents: 0
2025-04-25 17:36:13,685 - lightrag_database - INFO - Total chunks: 0
2025-04-25 17:36:13,686 - lightrag_database - INFO - Files processed: 0
2025-04-25 17:36:13,686 - lightrag_database - INFO - Files skipped (already processed): 2
2025-04-25 17:36:13,687 - lightrag_database - INFO - Processed files directory: processed-test_pdfs
