2025-04-25 01:43:53,929 - lightrag_database - INFO - Starting database build process
2025-04-25 01:43:53,930 - lightrag_database - INFO - Initializing LightRAG in ./lightrag_data
2025-04-25 01:43:54,811 - lightrag_database - INFO - Initializing LightRAG storages
2025-04-25 01:43:54,822 - lightrag_database - INFO - LightRAG initialized successfully in ./lightrag_data
2025-04-25 01:43:54,822 - lightrag_database - INFO - Processing PDF files in ./test_pdfs (including subdirectories)
2025-04-25 01:43:54,823 - lightrag_database - INFO - Finding PDF files in ./test_pdfs (recursive=True)
2025-04-25 01:43:54,825 - lightrag_database - INFO - Found 2 PDF files
2025-04-25 01:43:54,826 - lightrag_database - INFO - Using concurrency limit of 5 for PDF processing
2025-04-25 01:44:06,171 - lightrag_database - INFO - Processing PDF files: 1/2 (50.0%) - Elapsed: 11.35 seconds, Remaining: 11.35 seconds, Speed: 0.09 items/sec - Processed: 4.0.12.1_Readme.pdf
2025-04-25 01:44:06,171 - lightrag_database - INFO - Processing PDF files: 2/2 (100.0%) - Elapsed: 11.35 seconds, Remaining: 0.00 seconds, Speed: 0.18 items/sec - Processed: 4.0.14.1_Readme.pdf
2025-04-25 01:44:06,174 - lightrag_database - INFO - Processed 2 documents with 11 chunks
2025-04-25 01:44:06,174 - lightrag_database - INFO - Processing time: 11.35 seconds
2025-04-25 01:44:06,174 - lightrag_database - INFO - LightRAG documents saved to ./output\combined_lightrag.json
2025-04-25 01:44:06,175 - lightrag_database - INFO - Loading documents into LightRAG from ./output\combined_lightrag.json
2025-04-25 01:44:06,176 - lightrag_database - ERROR - Error inserting document 1 after retries: float division by zero
2025-04-25 01:44:07,179 - lightrag_database - INFO - Loading documents into LightRAG: 11/11 (100.0%) - Elapsed: 1.00 seconds, Remaining: 0.00 seconds, Speed: 10.96 items/sec
2025-04-25 01:44:07,288 - lightrag_database - INFO - Loaded 11 chunks into LightRAG
2025-04-25 01:44:07,289 - lightrag_database - INFO - Saved database information to ./output\database_info.json
2025-04-25 01:44:07,290 - lightrag_database - INFO - Database build complete. Information saved to ./output\database_info.json
2025-04-25 01:44:07,290 - lightrag_database - INFO - Database directory: ./lightrag_data
2025-04-25 01:44:07,290 - lightrag_database - INFO - Total documents: 2
2025-04-25 01:44:07,291 - lightrag_database - INFO - Total chunks: 11
