2025-04-25 01:36:59,943 - lightrag_database - INFO - Starting database build process
2025-04-25 01:36:59,943 - lightrag_database - INFO - Initializing LightRAG in ./lightrag_data
2025-04-25 01:37:00,801 - lightrag_database - INFO - Initializing LightRAG storages
2025-04-25 01:37:00,810 - lightrag_database - INFO - LightRAG initialized successfully in ./lightrag_data
2025-04-25 01:37:00,811 - lightrag_database - INFO - Processing PDF files in ./test_pdfs (including subdirectories)
2025-04-25 01:37:00,811 - lightrag_database - INFO - Finding PDF files in ./test_pdfs (recursive=True)
2025-04-25 01:37:00,823 - lightrag_database - INFO - Found 2 PDF files
2025-04-25 01:37:00,824 - lightrag_database - INFO - Using concurrency limit of 5 for PDF processing
2025-04-25 01:37:12,881 - lightrag_database - INFO - Processing PDF files: 1/2 (50.0%) - Elapsed: 12.06 seconds, Remaining: 12.06 seconds, Speed: 0.08 items/sec - Processed: 4.0.12.1_Readme.pdf
2025-04-25 01:37:12,881 - lightrag_database - INFO - Processing PDF files: 2/2 (100.0%) - Elapsed: 12.06 seconds, Remaining: 0.00 seconds, Speed: 0.17 items/sec - Processed: 4.0.14.1_Readme.pdf
2025-04-25 01:37:12,883 - lightrag_database - INFO - Processed 2 documents with 11 chunks
2025-04-25 01:37:12,884 - lightrag_database - INFO - Processing time: 12.06 seconds
2025-04-25 01:37:12,885 - lightrag_database - INFO - LightRAG documents saved to ./output\combined_lightrag.json
2025-04-25 01:37:12,885 - lightrag_database - INFO - Loading documents into LightRAG from ./output\combined_lightrag.json
2025-04-25 01:37:12,886 - lightrag_database - ERROR - Error inserting document 1 after retries: float division by zero
2025-04-25 01:37:12,886 - lightrag_database - ERROR - Error inserting document 2 after retries: LightRAG.ainsert() got an unexpected keyword argument 'metadata'
2025-04-25 01:37:12,887 - lightrag_database - ERROR - Error inserting document 3 after retries: LightRAG.ainsert() got an unexpected keyword argument 'metadata'
2025-04-25 01:37:12,887 - lightrag_database - ERROR - Error inserting document 4 after retries: LightRAG.ainsert() got an unexpected keyword argument 'metadata'
2025-04-25 01:37:12,888 - lightrag_database - ERROR - Error inserting document 5 after retries: LightRAG.ainsert() got an unexpected keyword argument 'metadata'
2025-04-25 01:37:12,888 - lightrag_database - ERROR - Error inserting document 6 after retries: LightRAG.ainsert() got an unexpected keyword argument 'metadata'
2025-04-25 01:37:12,889 - lightrag_database - ERROR - Error inserting document 7 after retries: LightRAG.ainsert() got an unexpected keyword argument 'metadata'
2025-04-25 01:37:12,889 - lightrag_database - ERROR - Error inserting document 8 after retries: LightRAG.ainsert() got an unexpected keyword argument 'metadata'
2025-04-25 01:37:12,889 - lightrag_database - ERROR - Error inserting document 9 after retries: LightRAG.ainsert() got an unexpected keyword argument 'metadata'
2025-04-25 01:37:12,890 - lightrag_database - ERROR - Error inserting document 10 after retries: LightRAG.ainsert() got an unexpected keyword argument 'metadata'
2025-04-25 01:37:12,891 - lightrag_database - INFO - Loading documents into LightRAG: 11/11 (100.0%) - Elapsed: 0.01 seconds, Remaining: 0.00 seconds, Speed: 2118.24 items/sec
2025-04-25 01:37:12,891 - lightrag_database - ERROR - Error inserting document 11 after retries: LightRAG.ainsert() got an unexpected keyword argument 'metadata'
2025-04-25 01:37:12,892 - lightrag_database - INFO - Loaded 11 chunks into LightRAG
2025-04-25 01:37:12,898 - lightrag_database - INFO - Saved database information to ./output\database_info.json
2025-04-25 01:37:12,899 - lightrag_database - INFO - Database build complete. Information saved to ./output\database_info.json
2025-04-25 01:37:12,900 - lightrag_database - INFO - Database directory: ./lightrag_data
2025-04-25 01:37:12,900 - lightrag_database - INFO - Total documents: 2
2025-04-25 01:37:12,901 - lightrag_database - INFO - Total chunks: 11
