2025-04-25 14:34:56,391 - lightrag_database - INFO - Starting database build process
2025-04-25 14:34:56,391 - lightrag_database - INFO - Initializing LightRAG in ./lightrag_data
2025-04-25 14:34:57,387 - lightrag_database - INFO - Initializing LightRAG storages
2025-04-25 14:34:57,400 - lightrag_database - INFO - LightRAG initialized successfully in ./lightrag_data
2025-04-25 14:34:57,401 - lightrag_database - INFO - Processing PDF files in test_pdfs (including subdirectories)
2025-04-25 14:34:57,401 - lightrag_database - INFO - Finding PDF files in test_pdfs (recursive=True)
2025-04-25 14:34:57,405 - lightrag_database - INFO - Found 0 PDF files
2025-04-25 14:34:57,405 - lightrag_database - INFO - Found 0 unprocessed files out of 0 total files
2025-04-25 14:34:57,406 - lightrag_database - INFO - Using concurrency limit of 5 for PDF processing
2025-04-25 14:34:57,408 - lightrag_database - INFO - Processed 0 documents with 0 chunks
2025-04-25 14:34:57,408 - lightrag_database - INFO - Processing time: 0.00 seconds
2025-04-25 14:34:57,409 - lightrag_database - INFO - LightRAG documents saved to ./output\combined_lightrag.json
2025-04-25 14:34:57,410 - lightrag_database - INFO - Loading documents into LightRAG from ./output\combined_lightrag.json
2025-04-25 14:34:57,411 - lightrag_database - INFO - Loaded 0 chunks into LightRAG
2025-04-25 14:34:57,412 - lightrag_database - INFO - Saved database information to ./output\database_info.json
2025-04-25 14:34:57,413 - lightrag_database - INFO - Database build complete. Information saved to ./output\database_info.json
2025-04-25 14:34:57,413 - lightrag_database - INFO - Database directory: ./lightrag_data
2025-04-25 14:34:57,413 - lightrag_database - INFO - Total documents: 0
2025-04-25 14:34:57,413 - lightrag_database - INFO - Total chunks: 0
2025-04-25 14:34:57,414 - lightrag_database - INFO - Files processed: 0
2025-04-25 14:34:57,415 - lightrag_database - INFO - Files skipped (already processed): 0
2025-04-25 14:34:57,415 - lightrag_database - INFO - Processed files directory: processed-test_pdfs
